<?xml version="1.0" encoding="UTF-8"?>
<!-- Generated by org.testng.reporters.JUnitXMLReporter -->
<testsuite ignored="0" hostname="DESKTOP-I5E09MQ" failures="0" tests="4" name="Test" time="0.075" errors="0" timestamp="2022-01-21T18:04:16 IST">
  <testcase classname="qaclickacademy.mavenjava.SeleniumTest" name="BrowserAutomation" time="0.01"/>
  <testcase classname="qaclickacademy.mavenjava.SeleniumTest" name="ElementsUi" time="0.0"/>
  <testcase classname="qaclickacademy.mavenjava.RESTAPITest" name="DeleteTwitter" time="0.0"/>
  <testcase classname="qaclickacademy.mavenjava.RESTAPITest" name="PostJira" time="0.0"/>
</testsuite> <!-- Test -->
