<?xml version="1.0" encoding="UTF-8"?>
<testng-results ignored="0" total="4" passed="4" failed="0" skipped="0">
  <reporter-output>
  </reporter-output>
  <suite started-at="2022-01-21T18:04:16 IST" name="Suite" finished-at="2022-01-21T18:04:16 IST" duration-ms="75">
    <groups>
    </groups>
    <test started-at="2022-01-21T18:04:16 IST" name="Test" finished-at="2022-01-21T18:04:16 IST" duration-ms="75">
      <class name="qaclickacademy.mavenjava.RESTAPITest">
        <test-method signature="DeleteTwitter()[pri:0, instance:qaclickacademy.mavenjava.RESTAPITest@64cd705f]" started-at="2022-01-21T18:04:16 IST" name="DeleteTwitter" finished-at="2022-01-21T18:04:16 IST" duration-ms="0" status="PASS">
          <reporter-output>
          </reporter-output>
        </test-method> <!-- DeleteTwitter -->
        <test-method signature="PostJira()[pri:0, instance:qaclickacademy.mavenjava.RESTAPITest@64cd705f]" started-at="2022-01-21T18:04:16 IST" name="PostJira" finished-at="2022-01-21T18:04:16 IST" duration-ms="0" status="PASS">
          <reporter-output>
          </reporter-output>
        </test-method> <!-- PostJira -->
      </class> <!-- qaclickacademy.mavenjava.RESTAPITest -->
      <class name="qaclickacademy.mavenjava.SeleniumTest">
        <test-method signature="BrowserAutomation()[pri:0, instance:qaclickacademy.mavenjava.SeleniumTest@34b7ac2f]" started-at="2022-01-21T18:04:16 IST" name="BrowserAutomation" finished-at="2022-01-21T18:04:16 IST" duration-ms="10" status="PASS">
          <reporter-output>
          </reporter-output>
        </test-method> <!-- BrowserAutomation -->
        <test-method signature="ElementsUi()[pri:0, instance:qaclickacademy.mavenjava.SeleniumTest@34b7ac2f]" started-at="2022-01-21T18:04:16 IST" name="ElementsUi" finished-at="2022-01-21T18:04:16 IST" duration-ms="0" status="PASS">
          <reporter-output>
          </reporter-output>
        </test-method> <!-- ElementsUi -->
      </class> <!-- qaclickacademy.mavenjava.SeleniumTest -->
    </test> <!-- Test -->
  </suite> <!-- Suite -->
</testng-results>
